<?xml version="1.0" encoding="UTF-8"?>
<!-- Generated by org.testng.reporters.JUnitReportReporter -->
<testsuite name="scripts.surya" tests="1" time="33.748" ignored="0" failures="0" timestamp="14 Dec 2016 07:05:44 GMT" skipped="0" hostname="USER-PC" errors="0">
  <testcase name="login" time="33.748" classname="scripts.surya"/>
</testsuite> <!-- scripts.surya -->
