<?xml version="1.0" encoding="UTF-8"?>
<!-- Generated by org.testng.reporters.JUnitReportReporter -->
<testsuite name="scripts.ValidLoginLogout" tests="1" time="99.110" ignored="0" failures="0" timestamp="14 Dec 2016 09:44:01 GMT" skipped="0" hostname="USER-PC" errors="0">
  <testcase name="testValidLoginLogout" time="99.110" classname="scripts.ValidLoginLogout"/>
</testsuite> <!-- scripts.ValidLoginLogout -->
